[0.220s] DEBUG:colcon:Command line arguments: ['/usr/bin/colcon', 'build']
[0.220s] DEBUG:colcon:Parsed command line arguments: Namespace(ament_cmake_args=None, base_paths=['.'], build_base='build', catkin_cmake_args=None, catkin_skip_building_tests=False, cmake_args=None, cmake_clean_cache=False, cmake_clean_first=False, cmake_force_configure=False, cmake_target=None, cmake_target_skip_unavailable=False, continue_on_error=False, event_handlers=None, executor='parallel', ignore_user_meta=False, install_base='install', log_base=None, log_level=None, main=<bound method BuildVerb.main of <colcon_core.verb.build.BuildVerb object at 0x7f89d6105220>>, merge_install=False, metas=['./colcon.meta'], packages_above=None, packages_above_and_dependencies=None, packages_above_depth=None, packages_end=None, packages_ignore=None, packages_ignore_regex=None, packages_select=None, packages_select_build_failed=False, packages_select_by_dep=None, packages_select_regex=None, packages_select_test_failures=False, packages_skip=None, packages_skip_build_finished=False, packages_skip_by_dep=None, packages_skip_regex=None, packages_skip_test_passed=False, packages_skip_up_to=None, packages_start=None, packages_up_to=None, packages_up_to_regex=None, parallel_workers=16, paths=None, symlink_install=False, test_result_base=None, verb_extension=<colcon_core.verb.build.BuildVerb object at 0x7f89d6105220>, verb_name='build', verb_parser=<colcon_defaults.argument_parser.defaults.DefaultArgumentsDecorator object at 0x7f89d61a3ee0>)
[0.223s] Level 1:colcon.colcon_core.package_discovery:discover_packages(colcon_meta) check parameters
[0.223s] Level 1:colcon.colcon_core.package_discovery:discover_packages(recursive) check parameters
[0.224s] Level 1:colcon.colcon_core.package_discovery:discover_packages(ignore) check parameters
[0.224s] Level 1:colcon.colcon_core.package_discovery:discover_packages(path) check parameters
[0.224s] Level 1:colcon.colcon_core.package_discovery:discover_packages(colcon_meta) discover
[0.224s] Level 1:colcon.colcon_core.package_discovery:discover_packages(recursive) discover
[0.224s] INFO:colcon.colcon_core.package_discovery:Crawling recursively for packages in '/home/linsim/dev_ws/src/navi_subsys_1_0'
[0.224s] Level 1:colcon.colcon_core.package_identification:_identify(.) by extensions ['ignore', 'ignore_ament_install']
[0.224s] Level 1:colcon.colcon_core.package_identification:_identify(.) by extension 'ignore'
[0.224s] Level 1:colcon.colcon_core.package_identification:_identify(.) by extension 'ignore_ament_install'
[0.224s] Level 1:colcon.colcon_core.package_identification:_identify(.) by extensions ['colcon_pkg']
[0.224s] Level 1:colcon.colcon_core.package_identification:_identify(.) by extension 'colcon_pkg'
[0.224s] Level 1:colcon.colcon_core.package_identification:_identify(.) by extensions ['colcon_meta']
[0.224s] Level 1:colcon.colcon_core.package_identification:_identify(.) by extension 'colcon_meta'
[0.224s] Level 1:colcon.colcon_core.package_identification:_identify(.) by extensions ['ros']
[0.224s] Level 1:colcon.colcon_core.package_identification:_identify(.) by extension 'ros'
[0.234s] DEBUG:colcon.colcon_core.package_identification:Package '.' with type 'ros.ament_python' and name 'navi_subsys_1_0'
[0.234s] Level 1:colcon.colcon_core.package_discovery:discover_packages(recursive) using defaults
[0.234s] Level 1:colcon.colcon_core.package_discovery:discover_packages(ignore) discover
[0.234s] Level 1:colcon.colcon_core.package_discovery:discover_packages(ignore) using defaults
[0.234s] Level 1:colcon.colcon_core.package_discovery:discover_packages(path) discover
[0.234s] Level 1:colcon.colcon_core.package_discovery:discover_packages(path) using defaults
[0.247s] Level 5:colcon.colcon_core.verb:set package 'navi_subsys_1_0' build argument 'cmake_args' from command line to 'None'
[0.247s] Level 5:colcon.colcon_core.verb:set package 'navi_subsys_1_0' build argument 'cmake_target' from command line to 'None'
[0.247s] Level 5:colcon.colcon_core.verb:set package 'navi_subsys_1_0' build argument 'cmake_target_skip_unavailable' from command line to 'False'
[0.247s] Level 5:colcon.colcon_core.verb:set package 'navi_subsys_1_0' build argument 'cmake_clean_cache' from command line to 'False'
[0.247s] Level 5:colcon.colcon_core.verb:set package 'navi_subsys_1_0' build argument 'cmake_clean_first' from command line to 'False'
[0.247s] Level 5:colcon.colcon_core.verb:set package 'navi_subsys_1_0' build argument 'cmake_force_configure' from command line to 'False'
[0.247s] Level 5:colcon.colcon_core.verb:set package 'navi_subsys_1_0' build argument 'ament_cmake_args' from command line to 'None'
[0.247s] Level 5:colcon.colcon_core.verb:set package 'navi_subsys_1_0' build argument 'catkin_cmake_args' from command line to 'None'
[0.247s] Level 5:colcon.colcon_core.verb:set package 'navi_subsys_1_0' build argument 'catkin_skip_building_tests' from command line to 'False'
[0.248s] DEBUG:colcon.colcon_core.verb:Building package 'navi_subsys_1_0' with the following arguments: {'ament_cmake_args': None, 'build_base': '/home/linsim/dev_ws/src/navi_subsys_1_0/build/navi_subsys_1_0', 'catkin_cmake_args': None, 'catkin_skip_building_tests': False, 'cmake_args': None, 'cmake_clean_cache': False, 'cmake_clean_first': False, 'cmake_force_configure': False, 'cmake_target': None, 'cmake_target_skip_unavailable': False, 'install_base': '/home/linsim/dev_ws/src/navi_subsys_1_0/install/navi_subsys_1_0', 'merge_install': False, 'path': '/home/linsim/dev_ws/src/navi_subsys_1_0', 'symlink_install': False, 'test_result_base': None}
[0.248s] INFO:colcon.colcon_core.executor:Executing jobs using 'parallel' executor
[0.249s] DEBUG:colcon.colcon_parallel_executor.executor.parallel:run_until_complete
[0.249s] INFO:colcon.colcon_ros.task.ament_python.build:Building ROS package in '/home/linsim/dev_ws/src/navi_subsys_1_0' with build type 'ament_python'
[0.249s] Level 1:colcon.colcon_core.shell:create_environment_hook('navi_subsys_1_0', 'ament_prefix_path')
[0.252s] INFO:colcon.colcon_core.plugin_system:Skipping extension 'colcon_core.shell.bat': Not used on non-Windows systems
[0.252s] INFO:colcon.colcon_core.shell:Creating environment hook '/home/linsim/dev_ws/src/navi_subsys_1_0/install/navi_subsys_1_0/share/navi_subsys_1_0/hook/ament_prefix_path.ps1'
[0.252s] INFO:colcon.colcon_core.shell:Creating environment descriptor '/home/linsim/dev_ws/src/navi_subsys_1_0/install/navi_subsys_1_0/share/navi_subsys_1_0/hook/ament_prefix_path.dsv'
[0.253s] INFO:colcon.colcon_core.shell:Creating environment hook '/home/linsim/dev_ws/src/navi_subsys_1_0/install/navi_subsys_1_0/share/navi_subsys_1_0/hook/ament_prefix_path.sh'
[0.253s] INFO:colcon.colcon_core.shell:Skip shell extension 'powershell' for command environment: Not usable outside of PowerShell
[0.253s] DEBUG:colcon.colcon_core.shell:Skip shell extension 'dsv' for command environment
[0.423s] INFO:colcon.colcon_core.task.python.build:Building Python package in '/home/linsim/dev_ws/src/navi_subsys_1_0'
[0.424s] INFO:colcon.colcon_core.shell:Skip shell extension 'powershell' for command environment: Not usable outside of PowerShell
[0.424s] DEBUG:colcon.colcon_core.shell:Skip shell extension 'dsv' for command environment
[0.431s] DEBUG:colcon.colcon_core.event_handler.log_command:Invoking command in '/home/linsim/dev_ws/src/navi_subsys_1_0': PYTHONPATH=/home/linsim/dev_ws/src/navi_subsys_1_0/install/navi_subsys_1_0/lib/python3.8/site-packages:${PYTHONPATH} /usr/bin/python3 setup.py egg_info --egg-base build/navi_subsys_1_0 build --build-base /home/linsim/dev_ws/src/navi_subsys_1_0/build/navi_subsys_1_0/build install --prefix /home/linsim/dev_ws/src/navi_subsys_1_0/install/navi_subsys_1_0 --record /home/linsim/dev_ws/src/navi_subsys_1_0/build/navi_subsys_1_0/install.log --single-version-externally-managed
[0.642s] DEBUG:colcon.colcon_core.event_handler.log_command:Invoked command in '/home/linsim/dev_ws/src/navi_subsys_1_0' returned '0': PYTHONPATH=/home/linsim/dev_ws/src/navi_subsys_1_0/install/navi_subsys_1_0/lib/python3.8/site-packages:${PYTHONPATH} /usr/bin/python3 setup.py egg_info --egg-base build/navi_subsys_1_0 build --build-base /home/linsim/dev_ws/src/navi_subsys_1_0/build/navi_subsys_1_0/build install --prefix /home/linsim/dev_ws/src/navi_subsys_1_0/install/navi_subsys_1_0 --record /home/linsim/dev_ws/src/navi_subsys_1_0/build/navi_subsys_1_0/install.log --single-version-externally-managed
[0.646s] Level 1:colcon.colcon_core.environment:checking '/home/linsim/dev_ws/src/navi_subsys_1_0/install/navi_subsys_1_0' for CMake module files
[0.646s] Level 1:colcon.colcon_core.environment:checking '/home/linsim/dev_ws/src/navi_subsys_1_0/install/navi_subsys_1_0' for CMake config files
[0.647s] Level 1:colcon.colcon_core.environment:checking '/home/linsim/dev_ws/src/navi_subsys_1_0/install/navi_subsys_1_0/lib'
[0.647s] Level 1:colcon.colcon_core.environment:checking '/home/linsim/dev_ws/src/navi_subsys_1_0/install/navi_subsys_1_0/bin'
[0.647s] Level 1:colcon.colcon_core.environment:checking '/home/linsim/dev_ws/src/navi_subsys_1_0/install/navi_subsys_1_0/lib/pkgconfig/navi_subsys_1_0.pc'
[0.647s] Level 1:colcon.colcon_core.environment:checking '/home/linsim/dev_ws/src/navi_subsys_1_0/install/navi_subsys_1_0/lib/python3.8/site-packages'
[0.647s] Level 1:colcon.colcon_core.shell:create_environment_hook('navi_subsys_1_0', 'pythonpath')
[0.648s] INFO:colcon.colcon_core.shell:Creating environment hook '/home/linsim/dev_ws/src/navi_subsys_1_0/install/navi_subsys_1_0/share/navi_subsys_1_0/hook/pythonpath.ps1'
[0.648s] INFO:colcon.colcon_core.shell:Creating environment descriptor '/home/linsim/dev_ws/src/navi_subsys_1_0/install/navi_subsys_1_0/share/navi_subsys_1_0/hook/pythonpath.dsv'
[0.649s] INFO:colcon.colcon_core.shell:Creating environment hook '/home/linsim/dev_ws/src/navi_subsys_1_0/install/navi_subsys_1_0/share/navi_subsys_1_0/hook/pythonpath.sh'
[0.649s] Level 1:colcon.colcon_core.environment:create_environment_scripts_only(navi_subsys_1_0)
[0.650s] INFO:colcon.colcon_core.shell:Creating package script '/home/linsim/dev_ws/src/navi_subsys_1_0/install/navi_subsys_1_0/share/navi_subsys_1_0/package.ps1'
[0.650s] INFO:colcon.colcon_core.shell:Creating package descriptor '/home/linsim/dev_ws/src/navi_subsys_1_0/install/navi_subsys_1_0/share/navi_subsys_1_0/package.dsv'
[0.651s] INFO:colcon.colcon_core.shell:Creating package script '/home/linsim/dev_ws/src/navi_subsys_1_0/install/navi_subsys_1_0/share/navi_subsys_1_0/package.sh'
[0.652s] INFO:colcon.colcon_core.shell:Creating package script '/home/linsim/dev_ws/src/navi_subsys_1_0/install/navi_subsys_1_0/share/navi_subsys_1_0/package.bash'
[0.653s] INFO:colcon.colcon_core.shell:Creating package script '/home/linsim/dev_ws/src/navi_subsys_1_0/install/navi_subsys_1_0/share/navi_subsys_1_0/package.zsh'
[0.653s] Level 1:colcon.colcon_core.environment:create_file_with_runtime_dependencies(/home/linsim/dev_ws/src/navi_subsys_1_0/install/navi_subsys_1_0/share/colcon-core/packages/navi_subsys_1_0)
[0.653s] DEBUG:colcon.colcon_parallel_executor.executor.parallel:closing loop
[0.654s] DEBUG:colcon.colcon_parallel_executor.executor.parallel:loop closed
[0.654s] DEBUG:colcon.colcon_parallel_executor.executor.parallel:run_until_complete finished with '0'
[0.654s] DEBUG:colcon.colcon_core.event_reactor:joining thread
[0.658s] INFO:colcon.colcon_core.plugin_system:Skipping extension 'colcon_notification.desktop_notification.terminal_notifier': Not used on non-Darwin systems
[0.658s] INFO:colcon.colcon_core.plugin_system:Skipping extension 'colcon_notification.desktop_notification.win32': Not used on non-Windows systems
[0.658s] INFO:colcon.colcon_notification.desktop_notification:Sending desktop notification using 'notify2'
[0.667s] DEBUG:colcon.colcon_core.event_reactor:joined thread
[0.668s] INFO:colcon.colcon_core.shell:Creating prefix script '/home/linsim/dev_ws/src/navi_subsys_1_0/install/local_setup.ps1'
[0.669s] INFO:colcon.colcon_core.shell:Creating prefix util module '/home/linsim/dev_ws/src/navi_subsys_1_0/install/_local_setup_util_ps1.py'
[0.670s] INFO:colcon.colcon_core.shell:Creating prefix chain script '/home/linsim/dev_ws/src/navi_subsys_1_0/install/setup.ps1'
[0.673s] INFO:colcon.colcon_core.shell:Creating prefix script '/home/linsim/dev_ws/src/navi_subsys_1_0/install/local_setup.sh'
[0.673s] INFO:colcon.colcon_core.shell:Creating prefix util module '/home/linsim/dev_ws/src/navi_subsys_1_0/install/_local_setup_util_sh.py'
[0.674s] INFO:colcon.colcon_core.shell:Creating prefix chain script '/home/linsim/dev_ws/src/navi_subsys_1_0/install/setup.sh'
[0.676s] INFO:colcon.colcon_core.shell:Creating prefix script '/home/linsim/dev_ws/src/navi_subsys_1_0/install/local_setup.bash'
[0.676s] INFO:colcon.colcon_core.shell:Creating prefix chain script '/home/linsim/dev_ws/src/navi_subsys_1_0/install/setup.bash'
[0.678s] INFO:colcon.colcon_core.shell:Creating prefix script '/home/linsim/dev_ws/src/navi_subsys_1_0/install/local_setup.zsh'
[0.679s] INFO:colcon.colcon_core.shell:Creating prefix chain script '/home/linsim/dev_ws/src/navi_subsys_1_0/install/setup.zsh'
