/home/linsim/dev_ws/src/navi_subsys_1_0/install/navi_subsys_1_0/lib/python3.8/site-packages/navi_subsys_1_0/get_string.py
/home/linsim/dev_ws/src/navi_subsys_1_0/install/navi_subsys_1_0/lib/python3.8/site-packages/navi_subsys_1_0/__init__.py
/home/linsim/dev_ws/src/navi_subsys_1_0/install/navi_subsys_1_0/lib/python3.8/site-packages/navi_subsys_1_0/write_string.py
/home/linsim/dev_ws/src/navi_subsys_1_0/install/navi_subsys_1_0/lib/python3.8/site-packages/navi_subsys_1_0/img_converter.py
/home/linsim/dev_ws/src/navi_subsys_1_0/install/navi_subsys_1_0/lib/python3.8/site-packages/navi_subsys_1_0/__pycache__/get_string.cpython-38.pyc
/home/linsim/dev_ws/src/navi_subsys_1_0/install/navi_subsys_1_0/lib/python3.8/site-packages/navi_subsys_1_0/__pycache__/__init__.cpython-38.pyc
/home/linsim/dev_ws/src/navi_subsys_1_0/install/navi_subsys_1_0/lib/python3.8/site-packages/navi_subsys_1_0/__pycache__/write_string.cpython-38.pyc
/home/linsim/dev_ws/src/navi_subsys_1_0/install/navi_subsys_1_0/lib/python3.8/site-packages/navi_subsys_1_0/__pycache__/img_converter.cpython-38.pyc
/home/linsim/dev_ws/src/navi_subsys_1_0/install/navi_subsys_1_0/share/ament_index/resource_index/packages/navi_subsys_1_0
/home/linsim/dev_ws/src/navi_subsys_1_0/install/navi_subsys_1_0/share/navi_subsys_1_0/package.xml
/home/linsim/dev_ws/src/navi_subsys_1_0/install/navi_subsys_1_0/lib/python3.8/site-packages/navi_subsys_1_0-0.0.0-py3.8.egg-info/PKG-INFO
/home/linsim/dev_ws/src/navi_subsys_1_0/install/navi_subsys_1_0/lib/python3.8/site-packages/navi_subsys_1_0-0.0.0-py3.8.egg-info/zip-safe
/home/linsim/dev_ws/src/navi_subsys_1_0/install/navi_subsys_1_0/lib/python3.8/site-packages/navi_subsys_1_0-0.0.0-py3.8.egg-info/entry_points.txt
/home/linsim/dev_ws/src/navi_subsys_1_0/install/navi_subsys_1_0/lib/python3.8/site-packages/navi_subsys_1_0-0.0.0-py3.8.egg-info/requires.txt
/home/linsim/dev_ws/src/navi_subsys_1_0/install/navi_subsys_1_0/lib/python3.8/site-packages/navi_subsys_1_0-0.0.0-py3.8.egg-info/dependency_links.txt
/home/linsim/dev_ws/src/navi_subsys_1_0/install/navi_subsys_1_0/lib/python3.8/site-packages/navi_subsys_1_0-0.0.0-py3.8.egg-info/SOURCES.txt
/home/linsim/dev_ws/src/navi_subsys_1_0/install/navi_subsys_1_0/lib/python3.8/site-packages/navi_subsys_1_0-0.0.0-py3.8.egg-info/top_level.txt
/home/linsim/dev_ws/src/navi_subsys_1_0/install/navi_subsys_1_0/lib/navi_subsys_1_0/get_image
/home/linsim/dev_ws/src/navi_subsys_1_0/install/navi_subsys_1_0/lib/navi_subsys_1_0/get_string
/home/linsim/dev_ws/src/navi_subsys_1_0/install/navi_subsys_1_0/lib/navi_subsys_1_0/write_string
