running egg_info
writing build/navi_subsys_1_0/navi_subsys_1_0.egg-info/PKG-INFO
writing dependency_links to build/navi_subsys_1_0/navi_subsys_1_0.egg-info/dependency_links.txt
writing entry points to build/navi_subsys_1_0/navi_subsys_1_0.egg-info/entry_points.txt
writing requirements to build/navi_subsys_1_0/navi_subsys_1_0.egg-info/requires.txt
writing top-level names to build/navi_subsys_1_0/navi_subsys_1_0.egg-info/top_level.txt
reading manifest file 'build/navi_subsys_1_0/navi_subsys_1_0.egg-info/SOURCES.txt'
writing manifest file 'build/navi_subsys_1_0/navi_subsys_1_0.egg-info/SOURCES.txt'
running build
running build_py
copying navi_subsys_1_0/get_string.py -> /home/linsim/dev_ws/src/navi_subsys_1_0/build/navi_subsys_1_0/build/lib/navi_subsys_1_0
running install
running install_lib
copying /home/linsim/dev_ws/src/navi_subsys_1_0/build/navi_subsys_1_0/build/lib/navi_subsys_1_0/get_string.py -> /home/linsim/dev_ws/src/navi_subsys_1_0/install/navi_subsys_1_0/lib/python3.8/site-packages/navi_subsys_1_0
byte-compiling /home/linsim/dev_ws/src/navi_subsys_1_0/install/navi_subsys_1_0/lib/python3.8/site-packages/navi_subsys_1_0/get_string.py to get_string.cpython-38.pyc
running install_data
running install_egg_info
removing '/home/linsim/dev_ws/src/navi_subsys_1_0/install/navi_subsys_1_0/lib/python3.8/site-packages/navi_subsys_1_0-0.0.0-py3.8.egg-info' (and everything under it)
Copying build/navi_subsys_1_0/navi_subsys_1_0.egg-info to /home/linsim/dev_ws/src/navi_subsys_1_0/install/navi_subsys_1_0/lib/python3.8/site-packages/navi_subsys_1_0-0.0.0-py3.8.egg-info
running install_scripts
Installing get_image script to /home/linsim/dev_ws/src/navi_subsys_1_0/install/navi_subsys_1_0/lib/navi_subsys_1_0
Installing get_string script to /home/linsim/dev_ws/src/navi_subsys_1_0/install/navi_subsys_1_0/lib/navi_subsys_1_0
Installing write_string script to /home/linsim/dev_ws/src/navi_subsys_1_0/install/navi_subsys_1_0/lib/navi_subsys_1_0
writing list of installed files to '/home/linsim/dev_ws/src/navi_subsys_1_0/build/navi_subsys_1_0/install.log'
